#
# A fatal error has been detected by the Java Runtime Environment:
#
#  EXCEPTION_ACCESS_VIOLATION (0xc0000005) at pc=0x00007ffcb75e574a, pid=4316, tid=7056
#
# JRE version: OpenJDK Runtime Environment (15.0+36) (build 15+36-1562)
# Java VM: OpenJDK 64-Bit Server VM (15+36-1562, mixed mode, sharing, tiered, compressed oops, g1 gc, windows-amd64)
# Problematic frame:
# V  [jvm.dll+0x6f574a]
#
# No core dump will be written. Minidumps are not enabled by default on client versions of Windows
#
# If you would like to submit a bug report, please visit:
#   https://bugreport.java.com/bugreport/crash.jsp
#

---------------  S U M M A R Y ------------

Command Line: --add-modules=javafx.base,javafx.graphics --add-reads=javafx.base=ALL-UNNAMED --add-reads=javafx.graphics=ALL-UNNAMED -javaagent:C:\Program Files\JetBrains\IntelliJ IDEA 2020.1.4\lib\idea_rt.jar=62696:C:\Program Files\JetBrains\IntelliJ IDEA 2020.1.4\bin -Dfile.encoding=UTF-8 --module-path=C:\Users\Ruben\.m2\repository\org\openjfx\javafx-base\11.0.2\javafx-base-11.0.2-win.jar;C:\Users\Ruben\.m2\repository\org\openjfx\javafx-graphics\11.0.2\javafx-graphics-11.0.2-win.jar;C:\Users\Ruben\Documents\SynologyDrive\Drive\Fontys\-=S3=-\SE\Zeeslag\seabattle-start\seabattleclient\target\classes;C:\Users\Ruben\.m2\repository\org\openjfx\javafx-base\11.0.2\javafx-base-11.0.2.jar;C:\Users\Ruben\.m2\repository\org\openjfx\javafx-controls\11.0.2\javafx-controls-11.0.2.jar;C:\Users\Ruben\.m2\repository\org\openjfx\javafx-controls\11.0.2\javafx-controls-11.0.2-win.jar;C:\Users\Ruben\.m2\repository\org\openjfx\javafx-graphics\11.0.2\javafx-graphics-11.0.2.jar;C:\Users\Ruben\.m2\repository\ch\qos\logback\logback-classic\1.2.3\logback-classic-1.2.3.jar;C:\Users\Ruben\.m2\repository\ch\qos\logback\logback-core\1.2.3\logback-core-1.2.3.jar;C:\Users\Ruben\.m2\repository\org\slf4j\slf4j-api\1.7.25\slf4j-api-1.7.25.jar -Djdk.module.main=seabattleclient seabattleclient/seabattlegui.SeaBattleApplication

Host: Intel(R) Core(TM) i7-4790K CPU @ 4.00GHz, 8 cores, 15G,  Windows 10 , 64 bit Build 19041 (10.0.19041.292)
Time: Sun Oct  4 15:18:51 2020 W. Europe Summer Time elapsed time: 13.349234 seconds (0d 0h 0m 13s)

---------------  T H R E A D  ---------------

Current thread (0x000001d165ffa8f0):  JavaThread "C1 CompilerThread0" daemon [_thread_in_vm, id=7056, stack(0x0000001848b00000,0x0000001848c00000)]


Current CompileTask:
C1:  13349 3458       3       java.security.AccessController::getContext (23 bytes)

Stack: [0x0000001848b00000,0x0000001848c00000],  sp=0x0000001848bfe0e0,  free space=1016k
Native frames: (J=compiled Java code, j=interpreted, Vv=VM code, C=native code)
V  [jvm.dll+0x6f574a]
V  [jvm.dll+0x6f5849]
V  [jvm.dll+0x502183]
V  [jvm.dll+0x5decde]
V  [jvm.dll+0x521cfb]
V  [jvm.dll+0x51fcde]
V  [jvm.dll+0x51ff50]
V  [jvm.dll+0x195bcf]
V  [jvm.dll+0x195840]
V  [jvm.dll+0x1aa853]
V  [jvm.dll+0x1189f7]
V  [jvm.dll+0x11b775]
V  [jvm.dll+0x119a54]
V  [jvm.dll+0x113858]
V  [jvm.dll+0x1236e2]
V  [jvm.dll+0x10eec0]
V  [jvm.dll+0x10f240]
V  [jvm.dll+0x10f504]
V  [jvm.dll+0x10e842]
V  [jvm.dll+0x1106dc]
V  [jvm.dll+0x1f88f5]
V  [jvm.dll+0x1f699c]
V  [jvm.dll+0x74384d]
V  [jvm.dll+0x73c64a]
V  [jvm.dll+0x628d16]
C  [ucrtbase.dll+0x21542]
C  [KERNEL32.DLL+0x16fd4]
C  [ntdll.dll+0x4cec1]


siginfo: EXCEPTION_ACCESS_VIOLATION (0xc0000005), reading address 0x0000000000000010


Register to memory mapping:

RIP=0x00007ffcb75e574a jvm.dll
RAX=0x0 is NULL
RBX=0x000001d1664d4490 points into unknown readable memory: 0x0000000000000000 | 00 00 00 00 00 00 00 00
RCX=0x000000000000000c is an unknown value
RDX=0x0000000000007ffc is an unknown value
RSP=0x0000001848bfe0e0 is pointing into the stack for thread: 0x000001d165ffa8f0
RBP=0x0000001848bfe220 is pointing into the stack for thread: 0x000001d165ffa8f0
RSI=0x0000001848bfe5b0 is pointing into the stack for thread: 0x000001d165ffa8f0
RDI=0x000001d166017650 points into unknown readable memory: 0x00007ffcb7754100 | 00 41 75 b7 fc 7f 00 00
R8 =0x000001d1664d4490 points into unknown readable memory: 0x0000000000000000 | 00 00 00 00 00 00 00 00
R9 =0x0000000000007ffc is an unknown value
R10=0x000001d1662b13a0 points into unknown readable memory: 0x000001d16f0895f0 | f0 95 08 6f d1 01 00 00
R11=0x000001d16e3b00c0 points into unknown readable memory: 0x000001d1662b13a0 | a0 13 2b 66 d1 01 00 00
R12=0x000001d1662fde70 points into unknown readable memory: 0x00007ffcb774d6c8 | c8 d6 74 b7 fc 7f 00 00
R13=0x000001d166300f88 points into unknown readable memory: 0x08324a6e875a53d4 | d4 53 5a 87 6e 4a 32 08
R14=0x000001d165ff8f50 points into unknown readable memory: 0x0000000000000006 | 06 00 00 00 00 00 00 00
R15=0x000001d1662f8fa0 points into unknown readable memory: 0x000001d1664d4480 | 80 44 4d 66 d1 01 00 00


Registers:
RAX=0x0000000000000000, RBX=0x000001d1664d4490, RCX=0x000000000000000c, RDX=0x0000000000007ffc
RSP=0x0000001848bfe0e0, RBP=0x0000001848bfe220, RSI=0x0000001848bfe5b0, RDI=0x000001d166017650
R8 =0x000001d1664d4490, R9 =0x0000000000007ffc, R10=0x000001d1662b13a0, R11=0x000001d16e3b00c0
R12=0x000001d1662fde70, R13=0x000001d166300f88, R14=0x000001d165ff8f50, R15=0x000001d1662f8fa0
RIP=0x00007ffcb75e574a, EFLAGS=0x0000000000010202

Top of Stack: (sp=0x0000001848bfe0e0)
0x0000001848bfe0e0:   0000000000000000 0000000000000000
0x0000001848bfe0f0:   0000000000000000 0000001848bfe5b0
0x0000001848bfe100:   000001d166017650 00007ffcb75e5849
0x0000001848bfe110:   000001d1664d4490 00007ffcb75e5fed
0x0000001848bfe120:   000001d1662f8fa0 00007ffcb6f8802c
0x0000001848bfe130:   0000000000008000 00007ffcb73f2183
0x0000001848bfe140:   0000001848bfe5b0 0000000800000007
0x0000001848bfe150:   000001d165ffa8f0 00007ffcb75e575c
0x0000001848bfe160:   0000000000007ffc 0000001848bfe220
0x0000001848bfe170:   0000001848bfe5b0 0000cf8ab78bd69b
0x0000001848bfe180:   000001d166017650 00007ffcb74cecde
0x0000001848bfe190:   000001d165ffa8f0 0000001848bfe220
0x0000001848bfe1a0:   0000001848bfe5b0 000001d165ffa8f0
0x0000001848bfe1b0:   0000001848bfe4a0 00007ffcb7411cfb
0x0000001848bfe1c0:   0000000000000000 0000001848bfe2c0
0x0000001848bfe1d0:   000001d165ffa8f0 0000000000000040 

Instructions: (pc=0x00007ffcb75e574a)
0x00007ffcb75e564a:   48 63 c8 41 8d 50 0a e9 8a 93 99 ff cc cc cc cc
0x00007ffcb75e565a:   cc cc cc cc cc cc 48 89 5c 24 08 57 48 83 ec 20
0x00007ffcb75e566a:   83 fa 02 8d 42 06 b9 08 00 00 00 49 8b d8 0f 4e
0x00007ffcb75e567a:   c1 48 63 c8 48 83 c1 07 83 e1 f8 48 63 f9 49 8b
0x00007ffcb75e568a:   48 18 48 8b c7 48 f7 d0 48 3b c1 73 16 4c 8d 05
0x00007ffcb75e569a:   82 f9 14 00 48 8b d7 48 8b cb e8 f7 2c 9a ff 48
0x00007ffcb75e56aa:   8b 4b 18 48 8d 04 39 48 3b 43 20 76 18 45 33 c0
0x00007ffcb75e56ba:   48 8b d7 48 8b cb 48 8b 5c 24 30 48 83 c4 20 5f
0x00007ffcb75e56ca:   e9 21 29 9a ff 48 89 43 18 48 8b c1 48 8b 5c 24
0x00007ffcb75e56da:   30 48 83 c4 20 5f c3 cc cc cc cc cc cc cc cc cc
0x00007ffcb75e56ea:   cc cc cc cc cc cc 4c 8b d2 4c 8b d9 45 85 c0 7e
0x00007ffcb75e56fa:   3c 44 0f b7 49 04 41 8d 40 ff 41 3b c1 44 0f 4c
0x00007ffcb75e570a:   c8 4d 63 c1 45 85 c9 7e 1f 48 8b c2 4c 2b da 49
0x00007ffcb75e571a:   8b d0 0f 1f 40 00 41 0f b6 4c 03 06 88 08 48 8d
0x00007ffcb75e572a:   40 01 48 83 ea 01 75 ee 43 c6 04 10 00 49 8b c2
0x00007ffcb75e573a:   c3 cc cc cc cc cc 48 89 5c 24 08 57 48 83 ec 20
0x00007ffcb75e574a:   0f b7 59 04 48 8b f9 33 d2 48 8d 4b 01 e8 54 c0
0x00007ffcb75e575a:   f8 ff 0f b7 57 04 4c 8b c0 3b da 0f 42 d3 44 8b
0x00007ffcb75e576a:   ca 85 d2 74 39 48 2b f8 0f 1f 40 00 66 66 0f 1f
0x00007ffcb75e577a:   84 00 00 00 00 00 0f b6 4c 07 06 88 08 48 ff c0
0x00007ffcb75e578a:   48 8b c8 49 2b c8 49 3b c9 7c eb 42 c6 04 02 00
0x00007ffcb75e579a:   49 8b c0 48 8b 5c 24 30 48 83 c4 20 5f c3 48 8b
0x00007ffcb75e57aa:   5c 24 30 c6 04 02 00 48 83 c4 20 5f c3 cc cc cc
0x00007ffcb75e57ba:   cc cc cc cc cc cc 4c 8b d1 45 85 c0 7e 6c 44 0f
0x00007ffcb75e57ca:   b7 49 04 41 8d 40 ff 41 3b c1 44 0f 4c c8 4d 63
0x00007ffcb75e57da:   d9 45 85 c9 7e 22 48 8b ca 4c 2b d2 4d 8b c3 0f
0x00007ffcb75e57ea:   1f 80 00 00 00 00 41 0f b6 44 0a 06 88 01 48 8d
0x00007ffcb75e57fa:   49 01 49 83 e8 01 75 ee 41 c6 04 13 00 48 c7 c0
0x00007ffcb75e580a:   ff ff ff ff 66 90 48 ff c0 80 3c 02 00 75 f7 48
0x00007ffcb75e581a:   63 c8 85 c0 48 8b c2 7e 14 80 38 2f 75 03 c6 00
0x00007ffcb75e582a:   2e 48 ff c0 48 83 e9 01 75 ef 48 8b c2 c3 cc cc
0x00007ffcb75e583a:   cc cc cc cc cc cc 48 83 ec 28 e8 f7 fe ff ff 4c 


Stack slot to memory mapping:
stack at sp + 0 slots: 0x0 is NULL
stack at sp + 1 slots: 0x0 is NULL
stack at sp + 2 slots: 0x0 is NULL
stack at sp + 3 slots: 0x0000001848bfe5b0 is pointing into the stack for thread: 0x000001d165ffa8f0
stack at sp + 4 slots: 0x000001d166017650 points into unknown readable memory: 0x00007ffcb7754100 | 00 41 75 b7 fc 7f 00 00
stack at sp + 5 slots: 0x00007ffcb75e5849 jvm.dll
stack at sp + 6 slots: 0x000001d1664d4490 points into unknown readable memory: 0x0000000000000000 | 00 00 00 00 00 00 00 00
stack at sp + 7 slots: 0x00007ffcb75e5fed jvm.dll


---------------  P R O C E S S  ---------------

Threads class SMR info:
_java_thread_list=0x000001d16d668250, length=19, elements={
0x000001d141f60710, 0x000001d1656dcfd0, 0x000001d1656de340, 0x000001d1656ee490,
0x000001d165ff78d0, 0x000001d165ffc090, 0x000001d165ff9d50, 0x000001d165ffa8f0,
0x000001d16600b0b0, 0x000001d165ffe710, 0x000001d165ffe240, 0x000001d165ffd3d0,
0x000001d165ffebe0, 0x000001d165ffdd70, 0x000001d165fff580, 0x000001d166af9cd0,
0x000001d166afc820, 0x000001d166afccf0, 0x000001d166afd1c0
}

Java Threads: ( => current thread )
  0x000001d141f60710 JavaThread "main" [_thread_blocked, id=9084, stack(0x0000001847e00000,0x0000001847f00000)]
  0x000001d1656dcfd0 JavaThread "Reference Handler" daemon [_thread_blocked, id=2428, stack(0x0000001848500000,0x0000001848600000)]
  0x000001d1656de340 JavaThread "Finalizer" daemon [_thread_blocked, id=13376, stack(0x0000001848600000,0x0000001848700000)]
  0x000001d1656ee490 JavaThread "Signal Dispatcher" daemon [_thread_blocked, id=18096, stack(0x0000001848700000,0x0000001848800000)]
  0x000001d165ff78d0 JavaThread "Attach Listener" daemon [_thread_blocked, id=13884, stack(0x0000001848800000,0x0000001848900000)]
  0x000001d165ffc090 JavaThread "Service Thread" daemon [_thread_blocked, id=8752, stack(0x0000001848900000,0x0000001848a00000)]
  0x000001d165ff9d50 JavaThread "C2 CompilerThread0" daemon [_thread_blocked, id=15404, stack(0x0000001848a00000,0x0000001848b00000)]
=>0x000001d165ffa8f0 JavaThread "C1 CompilerThread0" daemon [_thread_in_vm, id=7056, stack(0x0000001848b00000,0x0000001848c00000)]
  0x000001d16600b0b0 JavaThread "Sweeper thread" daemon [_thread_blocked, id=5916, stack(0x0000001848c00000,0x0000001848d00000)]
  0x000001d165ffe710 JavaThread "Common-Cleaner" daemon [_thread_blocked, id=3568, stack(0x0000001848d00000,0x0000001848e00000)]
  0x000001d165ffe240 JavaThread "Monitor Ctrl-Break" daemon [_thread_in_native, id=14104, stack(0x0000001849000000,0x0000001849100000)]
  0x000001d165ffd3d0 JavaThread "Notification Thread" daemon [_thread_blocked, id=3728, stack(0x0000001849100000,0x0000001849200000)]
  0x000001d165ffebe0 JavaThread "QuantumRenderer-0" daemon [_thread_blocked, id=10328, stack(0x0000001849300000,0x0000001849400000)]
  0x000001d165ffdd70 JavaThread "InvokeLaterDispatcher" daemon [_thread_blocked, id=11120, stack(0x0000001849500000,0x0000001849600000)]
  0x000001d165fff580 JavaThread "JavaFX Application Thread" [_thread_blocked, id=18452, stack(0x0000001849600000,0x0000001849700000)]
  0x000001d166af9cd0 JavaThread "Thread-1" daemon [_thread_blocked, id=2372, stack(0x0000001849800000,0x0000001849900000)]
  0x000001d166afc820 JavaThread "JavaFX-Launcher" [_thread_blocked, id=18768, stack(0x0000001849e00000,0x0000001849f00000)]
  0x000001d166afccf0 JavaThread "Prism Font Disposer" daemon [_thread_blocked, id=3208, stack(0x000000184a200000,0x000000184a300000)]
  0x000001d166afd1c0 JavaThread "Cleaner-0" daemon [_thread_blocked, id=7064, stack(0x000000184a300000,0x000000184a400000)]

Other Threads:
  0x000001d1656d8f90 VMThread "VM Thread" [stack: 0x0000001848400000,0x0000001848500000] [id=12016] _threads_hazard_ptr=0x000001d16d668250
  0x000001d1662b0440 WatcherThread [stack: 0x0000001849200000,0x0000001849300000] [id=14276]
  0x000001d141fb4e20 GCTaskThread "GC Thread#0" [stack: 0x0000001847f00000,0x0000001848000000] [id=16400]
  0x000001d16637edf0 GCTaskThread "GC Thread#1" [stack: 0x0000001849900000,0x0000001849a00000] [id=2044]
  0x000001d16637d470 GCTaskThread "GC Thread#2" [stack: 0x0000001849a00000,0x0000001849b00000] [id=1244]
  0x000001d16637d7a0 GCTaskThread "GC Thread#3" [stack: 0x0000001849b00000,0x0000001849c00000] [id=18664]
  0x000001d16d6716c0 GCTaskThread "GC Thread#4" [stack: 0x0000001849c00000,0x0000001849d00000] [id=4116]
  0x000001d16d6706d0 GCTaskThread "GC Thread#5" [stack: 0x0000001849d00000,0x0000001849e00000] [id=9460]
  0x000001d141fc5eb0 ConcurrentGCThread "G1 Main Marker" [stack: 0x0000001848000000,0x0000001848100000] [id=884]
  0x000001d141fc7240 ConcurrentGCThread "G1 Conc#0" [stack: 0x0000001848100000,0x0000001848200000] [id=9228]
  0x000001d1655520c0 ConcurrentGCThread "G1 Refine#0" [stack: 0x0000001848200000,0x0000001848300000] [id=18008]
  0x000001d165553b70 ConcurrentGCThread "G1 Young RemSet Sampling" [stack: 0x0000001848300000,0x0000001848400000] [id=248]

Threads with active compile tasks:
C1 CompilerThread0    13512 3458       3       java.security.AccessController::getContext (23 bytes)

VM state: synchronizing (normal execution)

VM Mutex/Monitor currently owned by a thread:  ([mutex/lock_event])
[0x000001d141f5b7b0] Threads_lock - owner thread: 0x000001d1656d8f90

Heap address: 0x0000000700c00000, size: 4084 MB, Compressed Oops mode: Zero based, Oop shift amount: 3
CDS archive(s) mapped at: [0x0000000800000000-0x0000000800b50000-0x0000000800b50000), size 11862016, SharedBaseAddress: 0x0000000800000000, ArchiveRelocationMode: 0.
Compressed class space mapped at: 0x0000000800b50000-0x0000000840b50000, size: 1073741824
Narrow klass base: 0x0000000800000000, Narrow klass shift: 3, Narrow klass range: 0x100000000

GC Precious Log:
 CPUs: 8 total, 8 available
 Memory: 16332M
 Large Page Support: Disabled
 NUMA Support: Disabled
 Compressed Oops: Enabled (Zero based)
 Heap Region Size: 2M
 Heap Min Capacity: 8M
 Heap Initial Capacity: 256M
 Heap Max Capacity: 4084M
 Pre-touch: Disabled
 Parallel Workers: 8
 Concurrent Workers: 2
 Concurrent Refinement Workers: 8
 Periodic GC: Disabled

Heap:
 garbage-first heap   total 262144K, used 20322K [0x0000000700c00000, 0x0000000800000000)
  region size 2048K, 9 young (18432K), 3 survivors (6144K)
 Metaspace       used 18318K, capacity 18548K, committed 18688K, reserved 1064960K
  class space    used 2437K, capacity 2527K, committed 2560K, reserved 1048576K

Heap Regions: E=young(eden), S=young(survivor), O=old, HS=humongous(starts), HC=humongous(continues), CS=collection set, F=free, OA=open archive, CA=closed archive, TAMS=top-at-mark-start (previous, next)
|   0|0x0000000700c00000, 0x0000000700e00000, 0x0000000700e00000|100%| O|  |TAMS 0x0000000700c00000, 0x0000000700c00000| Untracked 
|   1|0x0000000700e00000, 0x0000000700f24400, 0x0000000701000000| 57%| O|  |TAMS 0x0000000700e00000, 0x0000000700e00000| Untracked 
|   2|0x0000000701000000, 0x0000000701200000, 0x0000000701200000|100%|HS|  |TAMS 0x0000000701000000, 0x0000000701000000| Complete 
|   3|0x0000000701200000, 0x0000000701200000, 0x0000000701400000|  0%| F|  |TAMS 0x0000000701200000, 0x0000000701200000| Untracked 
|   4|0x0000000701400000, 0x0000000701400000, 0x0000000701600000|  0%| F|  |TAMS 0x0000000701400000, 0x0000000701400000| Untracked 
|   5|0x0000000701600000, 0x0000000701600000, 0x0000000701800000|  0%| F|  |TAMS 0x0000000701600000, 0x0000000701600000| Untracked 
|   6|0x0000000701800000, 0x0000000701800000, 0x0000000701a00000|  0%| F|  |TAMS 0x0000000701800000, 0x0000000701800000| Untracked 
|   7|0x0000000701a00000, 0x0000000701a00000, 0x0000000701c00000|  0%| F|  |TAMS 0x0000000701a00000, 0x0000000701a00000| Untracked 
|   8|0x0000000701c00000, 0x0000000701c00000, 0x0000000701e00000|  0%| F|  |TAMS 0x0000000701c00000, 0x0000000701c00000| Untracked 
|   9|0x0000000701e00000, 0x0000000701e00000, 0x0000000702000000|  0%| F|  |TAMS 0x0000000701e00000, 0x0000000701e00000| Untracked 
|  10|0x0000000702000000, 0x0000000702000000, 0x0000000702200000|  0%| F|  |TAMS 0x0000000702000000, 0x0000000702000000| Untracked 
|  11|0x0000000702200000, 0x0000000702200000, 0x0000000702400000|  0%| F|  |TAMS 0x0000000702200000, 0x0000000702200000| Untracked 
|  12|0x0000000702400000, 0x0000000702400000, 0x0000000702600000|  0%| F|  |TAMS 0x0000000702400000, 0x0000000702400000| Untracked 
|  13|0x0000000702600000, 0x0000000702600000, 0x0000000702800000|  0%| F|  |TAMS 0x0000000702600000, 0x0000000702600000| Untracked 
|  14|0x0000000702800000, 0x0000000702800000, 0x0000000702a00000|  0%| F|  |TAMS 0x0000000702800000, 0x0000000702800000| Untracked 
|  15|0x0000000702a00000, 0x0000000702a00000, 0x0000000702c00000|  0%| F|  |TAMS 0x0000000702a00000, 0x0000000702a00000| Untracked 
|  16|0x0000000702c00000, 0x0000000702c00000, 0x0000000702e00000|  0%| F|  |TAMS 0x0000000702c00000, 0x0000000702c00000| Untracked 
|  17|0x0000000702e00000, 0x0000000702e00000, 0x0000000703000000|  0%| F|  |TAMS 0x0000000702e00000, 0x0000000702e00000| Untracked 
|  18|0x0000000703000000, 0x0000000703000000, 0x0000000703200000|  0%| F|  |TAMS 0x0000000703000000, 0x0000000703000000| Untracked 
|  19|0x0000000703200000, 0x0000000703200000, 0x0000000703400000|  0%| F|  |TAMS 0x0000000703200000, 0x0000000703200000| Untracked 
|  20|0x0000000703400000, 0x0000000703400000, 0x0000000703600000|  0%| F|  |TAMS 0x0000000703400000, 0x0000000703400000| Untracked 
|  21|0x0000000703600000, 0x0000000703600000, 0x0000000703800000|  0%| F|  |TAMS 0x0000000703600000, 0x0000000703600000| Untracked 
|  22|0x0000000703800000, 0x0000000703800000, 0x0000000703a00000|  0%| F|  |TAMS 0x0000000703800000, 0x0000000703800000| Untracked 
|  23|0x0000000703a00000, 0x0000000703a00000, 0x0000000703c00000|  0%| F|  |TAMS 0x0000000703a00000, 0x0000000703a00000| Untracked 
|  24|0x0000000703c00000, 0x0000000703c00000, 0x0000000703e00000|  0%| F|  |TAMS 0x0000000703c00000, 0x0000000703c00000| Untracked 
|  25|0x0000000703e00000, 0x0000000703e00000, 0x0000000704000000|  0%| F|  |TAMS 0x0000000703e00000, 0x0000000703e00000| Untracked 
|  26|0x0000000704000000, 0x0000000704000000, 0x0000000704200000|  0%| F|  |TAMS 0x0000000704000000, 0x0000000704000000| Untracked 
|  27|0x0000000704200000, 0x0000000704200000, 0x0000000704400000|  0%| F|  |TAMS 0x0000000704200000, 0x0000000704200000| Untracked 
|  28|0x0000000704400000, 0x0000000704400000, 0x0000000704600000|  0%| F|  |TAMS 0x0000000704400000, 0x0000000704400000| Untracked 
|  29|0x0000000704600000, 0x0000000704600000, 0x0000000704800000|  0%| F|  |TAMS 0x0000000704600000, 0x0000000704600000| Untracked 
|  30|0x0000000704800000, 0x0000000704800000, 0x0000000704a00000|  0%| F|  |TAMS 0x0000000704800000, 0x0000000704800000| Untracked 
|  31|0x0000000704a00000, 0x0000000704a00000, 0x0000000704c00000|  0%| F|  |TAMS 0x0000000704a00000, 0x0000000704a00000| Untracked 
|  32|0x0000000704c00000, 0x0000000704c00000, 0x0000000704e00000|  0%| F|  |TAMS 0x0000000704c00000, 0x0000000704c00000| Untracked 
|  33|0x0000000704e00000, 0x0000000704e00000, 0x0000000705000000|  0%| F|  |TAMS 0x0000000704e00000, 0x0000000704e00000| Untracked 
|  34|0x0000000705000000, 0x0000000705000000, 0x0000000705200000|  0%| F|  |TAMS 0x0000000705000000, 0x0000000705000000| Untracked 
|  35|0x0000000705200000, 0x0000000705200000, 0x0000000705400000|  0%| F|  |TAMS 0x0000000705200000, 0x0000000705200000| Untracked 
|  36|0x0000000705400000, 0x0000000705400000, 0x0000000705600000|  0%| F|  |TAMS 0x0000000705400000, 0x0000000705400000| Untracked 
|  37|0x0000000705600000, 0x0000000705600000, 0x0000000705800000|  0%| F|  |TAMS 0x0000000705600000, 0x0000000705600000| Untracked 
|  38|0x0000000705800000, 0x0000000705800000, 0x0000000705a00000|  0%| F|  |TAMS 0x0000000705800000, 0x0000000705800000| Untracked 
|  39|0x0000000705a00000, 0x0000000705a00000, 0x0000000705c00000|  0%| F|  |TAMS 0x0000000705a00000, 0x0000000705a00000| Untracked 
|  40|0x0000000705c00000, 0x0000000705c00000, 0x0000000705e00000|  0%| F|  |TAMS 0x0000000705c00000, 0x0000000705c00000| Untracked 
|  41|0x0000000705e00000, 0x0000000705e00000, 0x0000000706000000|  0%| F|  |TAMS 0x0000000705e00000, 0x0000000705e00000| Untracked 
|  42|0x0000000706000000, 0x0000000706000000, 0x0000000706200000|  0%| F|  |TAMS 0x0000000706000000, 0x0000000706000000| Untracked 
|  43|0x0000000706200000, 0x0000000706200000, 0x0000000706400000|  0%| F|  |TAMS 0x0000000706200000, 0x0000000706200000| Untracked 
|  44|0x0000000706400000, 0x0000000706400000, 0x0000000706600000|  0%| F|  |TAMS 0x0000000706400000, 0x0000000706400000| Untracked 
|  45|0x0000000706600000, 0x0000000706600000, 0x0000000706800000|  0%| F|  |TAMS 0x0000000706600000, 0x0000000706600000| Untracked 
|  46|0x0000000706800000, 0x0000000706800000, 0x0000000706a00000|  0%| F|  |TAMS 0x0000000706800000, 0x0000000706800000| Untracked 
|  47|0x0000000706a00000, 0x0000000706a00000, 0x0000000706c00000|  0%| F|  |TAMS 0x0000000706a00000, 0x0000000706a00000| Untracked 
|  48|0x0000000706c00000, 0x0000000706c00000, 0x0000000706e00000|  0%| F|  |TAMS 0x0000000706c00000, 0x0000000706c00000| Untracked 
|  49|0x0000000706e00000, 0x0000000706e00000, 0x0000000707000000|  0%| F|  |TAMS 0x0000000706e00000, 0x0000000706e00000| Untracked 
|  50|0x0000000707000000, 0x0000000707000000, 0x0000000707200000|  0%| F|  |TAMS 0x0000000707000000, 0x0000000707000000| Untracked 
|  51|0x0000000707200000, 0x0000000707200000, 0x0000000707400000|  0%| F|  |TAMS 0x0000000707200000, 0x0000000707200000| Untracked 
|  52|0x0000000707400000, 0x0000000707400000, 0x0000000707600000|  0%| F|  |TAMS 0x0000000707400000, 0x0000000707400000| Untracked 
|  53|0x0000000707600000, 0x0000000707600000, 0x0000000707800000|  0%| F|  |TAMS 0x0000000707600000, 0x0000000707600000| Untracked 
|  54|0x0000000707800000, 0x0000000707800000, 0x0000000707a00000|  0%| F|  |TAMS 0x0000000707800000, 0x0000000707800000| Untracked 
|  55|0x0000000707a00000, 0x0000000707a00000, 0x0000000707c00000|  0%| F|  |TAMS 0x0000000707a00000, 0x0000000707a00000| Untracked 
|  56|0x0000000707c00000, 0x0000000707c00000, 0x0000000707e00000|  0%| F|  |TAMS 0x0000000707c00000, 0x0000000707c00000| Untracked 
|  57|0x0000000707e00000, 0x0000000707e00000, 0x0000000708000000|  0%| F|  |TAMS 0x0000000707e00000, 0x0000000707e00000| Untracked 
|  58|0x0000000708000000, 0x0000000708000000, 0x0000000708200000|  0%| F|  |TAMS 0x0000000708000000, 0x0000000708000000| Untracked 
|  59|0x0000000708200000, 0x0000000708200000, 0x0000000708400000|  0%| F|  |TAMS 0x0000000708200000, 0x0000000708200000| Untracked 
|  60|0x0000000708400000, 0x0000000708400000, 0x0000000708600000|  0%| F|  |TAMS 0x0000000708400000, 0x0000000708400000| Untracked 
|  61|0x0000000708600000, 0x0000000708600000, 0x0000000708800000|  0%| F|  |TAMS 0x0000000708600000, 0x0000000708600000| Untracked 
|  62|0x0000000708800000, 0x0000000708800000, 0x0000000708a00000|  0%| F|  |TAMS 0x0000000708800000, 0x0000000708800000| Untracked 
|  63|0x0000000708a00000, 0x0000000708a00000, 0x0000000708c00000|  0%| F|  |TAMS 0x0000000708a00000, 0x0000000708a00000| Untracked 
|  64|0x0000000708c00000, 0x0000000708c00000, 0x0000000708e00000|  0%| F|  |TAMS 0x0000000708c00000, 0x0000000708c00000| Untracked 
|  65|0x0000000708e00000, 0x0000000708e00000, 0x0000000709000000|  0%| F|  |TAMS 0x0000000708e00000, 0x0000000708e00000| Untracked 
|  66|0x0000000709000000, 0x0000000709000000, 0x0000000709200000|  0%| F|  |TAMS 0x0000000709000000, 0x0000000709000000| Untracked 
|  67|0x0000000709200000, 0x0000000709200000, 0x0000000709400000|  0%| F|  |TAMS 0x0000000709200000, 0x0000000709200000| Untracked 
|  68|0x0000000709400000, 0x0000000709400000, 0x0000000709600000|  0%| F|  |TAMS 0x0000000709400000, 0x0000000709400000| Untracked 
|  69|0x0000000709600000, 0x0000000709600000, 0x0000000709800000|  0%| F|  |TAMS 0x0000000709600000, 0x0000000709600000| Untracked 
|  70|0x0000000709800000, 0x0000000709800000, 0x0000000709a00000|  0%| F|  |TAMS 0x0000000709800000, 0x0000000709800000| Untracked 
|  71|0x0000000709a00000, 0x0000000709a00000, 0x0000000709c00000|  0%| F|  |TAMS 0x0000000709a00000, 0x0000000709a00000| Untracked 
|  72|0x0000000709c00000, 0x0000000709c00000, 0x0000000709e00000|  0%| F|  |TAMS 0x0000000709c00000, 0x0000000709c00000| Untracked 
|  73|0x0000000709e00000, 0x0000000709e00000, 0x000000070a000000|  0%| F|  |TAMS 0x0000000709e00000, 0x0000000709e00000| Untracked 
|  74|0x000000070a000000, 0x000000070a000000, 0x000000070a200000|  0%| F|  |TAMS 0x000000070a000000, 0x000000070a000000| Untracked 
|  75|0x000000070a200000, 0x000000070a200000, 0x000000070a400000|  0%| F|  |TAMS 0x000000070a200000, 0x000000070a200000| Untracked 
|  76|0x000000070a400000, 0x000000070a400000, 0x000000070a600000|  0%| F|  |TAMS 0x000000070a400000, 0x000000070a400000| Untracked 
|  77|0x000000070a600000, 0x000000070a600000, 0x000000070a800000|  0%| F|  |TAMS 0x000000070a600000, 0x000000070a600000| Untracked 
|  78|0x000000070a800000, 0x000000070a800000, 0x000000070aa00000|  0%| F|  |TAMS 0x000000070a800000, 0x000000070a800000| Untracked 
|  79|0x000000070aa00000, 0x000000070aa00000, 0x000000070ac00000|  0%| F|  |TAMS 0x000000070aa00000, 0x000000070aa00000| Untracked 
|  80|0x000000070ac00000, 0x000000070ac00000, 0x000000070ae00000|  0%| F|  |TAMS 0x000000070ac00000, 0x000000070ac00000| Untracked 
|  81|0x000000070ae00000, 0x000000070ae00000, 0x000000070b000000|  0%| F|  |TAMS 0x000000070ae00000, 0x000000070ae00000| Untracked 
|  82|0x000000070b000000, 0x000000070b000000, 0x000000070b200000|  0%| F|  |TAMS 0x000000070b000000, 0x000000070b000000| Untracked 
|  83|0x000000070b200000, 0x000000070b200000, 0x000000070b400000|  0%| F|  |TAMS 0x000000070b200000, 0x000000070b200000| Untracked 
|  84|0x000000070b400000, 0x000000070b400000, 0x000000070b600000|  0%| F|  |TAMS 0x000000070b400000, 0x000000070b400000| Untracked 
|  85|0x000000070b600000, 0x000000070b600000, 0x000000070b800000|  0%| F|  |TAMS 0x000000070b600000, 0x000000070b600000| Untracked 
|  86|0x000000070b800000, 0x000000070b800000, 0x000000070ba00000|  0%| F|  |TAMS 0x000000070b800000, 0x000000070b800000| Untracked 
|  87|0x000000070ba00000, 0x000000070ba00000, 0x000000070bc00000|  0%| F|  |TAMS 0x000000070ba00000, 0x000000070ba00000| Untracked 
|  88|0x000000070bc00000, 0x000000070bc00000, 0x000000070be00000|  0%| F|  |TAMS 0x000000070bc00000, 0x000000070bc00000| Untracked 
|  89|0x000000070be00000, 0x000000070be00000, 0x000000070c000000|  0%| F|  |TAMS 0x000000070be00000, 0x000000070be00000| Untracked 
|  90|0x000000070c000000, 0x000000070c000000, 0x000000070c200000|  0%| F|  |TAMS 0x000000070c000000, 0x000000070c000000| Untracked 
|  91|0x000000070c200000, 0x000000070c200000, 0x000000070c400000|  0%| F|  |TAMS 0x000000070c200000, 0x000000070c200000| Untracked 
|  92|0x000000070c400000, 0x000000070c400000, 0x000000070c600000|  0%| F|  |TAMS 0x000000070c400000, 0x000000070c400000| Untracked 
|  93|0x000000070c600000, 0x000000070c600000, 0x000000070c800000|  0%| F|  |TAMS 0x000000070c600000, 0x000000070c600000| Untracked 
|  94|0x000000070c800000, 0x000000070c800000, 0x000000070ca00000|  0%| F|  |TAMS 0x000000070c800000, 0x000000070c800000| Untracked 
|  95|0x000000070ca00000, 0x000000070ca00000, 0x000000070cc00000|  0%| F|  |TAMS 0x000000070ca00000, 0x000000070ca00000| Untracked 
|  96|0x000000070cc00000, 0x000000070cc00000, 0x000000070ce00000|  0%| F|  |TAMS 0x000000070cc00000, 0x000000070cc00000| Untracked 
|  97|0x000000070ce00000, 0x000000070ce00000, 0x000000070d000000|  0%| F|  |TAMS 0x000000070ce00000, 0x000000070ce00000| Untracked 
|  98|0x000000070d000000, 0x000000070d000000, 0x000000070d200000|  0%| F|  |TAMS 0x000000070d000000, 0x000000070d000000| Untracked 
|  99|0x000000070d200000, 0x000000070d200000, 0x000000070d400000|  0%| F|  |TAMS 0x000000070d200000, 0x000000070d200000| Untracked 
| 100|0x000000070d400000, 0x000000070d400000, 0x000000070d600000|  0%| F|  |TAMS 0x000000070d400000, 0x000000070d400000| Untracked 
| 101|0x000000070d600000, 0x000000070d600000, 0x000000070d800000|  0%| F|  |TAMS 0x000000070d600000, 0x000000070d600000| Untracked 
| 102|0x000000070d800000, 0x000000070d800000, 0x000000070da00000|  0%| F|  |TAMS 0x000000070d800000, 0x000000070d800000| Untracked 
| 103|0x000000070da00000, 0x000000070da00000, 0x000000070dc00000|  0%| F|  |TAMS 0x000000070da00000, 0x000000070da00000| Untracked 
| 104|0x000000070dc00000, 0x000000070dc00000, 0x000000070de00000|  0%| F|  |TAMS 0x000000070dc00000, 0x000000070dc00000| Untracked 
| 105|0x000000070de00000, 0x000000070de00000, 0x000000070e000000|  0%| F|  |TAMS 0x000000070de00000, 0x000000070de00000| Untracked 
| 106|0x000000070e000000, 0x000000070e0b44e0, 0x000000070e200000| 35%| S|CS|TAMS 0x000000070e000000, 0x000000070e000000| Complete 
| 107|0x000000070e200000, 0x000000070e400000, 0x000000070e400000|100%| S|CS|TAMS 0x000000070e200000, 0x000000070e200000| Complete 
| 108|0x000000070e400000, 0x000000070e600000, 0x000000070e600000|100%| S|CS|TAMS 0x000000070e400000, 0x000000070e400000| Complete 
| 109|0x000000070e600000, 0x000000070e600000, 0x000000070e800000|  0%| F|  |TAMS 0x000000070e600000, 0x000000070e600000| Untracked 
| 110|0x000000070e800000, 0x000000070e800000, 0x000000070ea00000|  0%| F|  |TAMS 0x000000070e800000, 0x000000070e800000| Untracked 
| 111|0x000000070ea00000, 0x000000070ea00000, 0x000000070ec00000|  0%| F|  |TAMS 0x000000070ea00000, 0x000000070ea00000| Untracked 
| 112|0x000000070ec00000, 0x000000070ec00000, 0x000000070ee00000|  0%| F|  |TAMS 0x000000070ec00000, 0x000000070ec00000| Untracked 
| 113|0x000000070ee00000, 0x000000070ee00000, 0x000000070f000000|  0%| F|  |TAMS 0x000000070ee00000, 0x000000070ee00000| Untracked 
| 114|0x000000070f000000, 0x000000070f000000, 0x000000070f200000|  0%| F|  |TAMS 0x000000070f000000, 0x000000070f000000| Untracked 
| 115|0x000000070f200000, 0x000000070f200000, 0x000000070f400000|  0%| F|  |TAMS 0x000000070f200000, 0x000000070f200000| Untracked 
| 116|0x000000070f400000, 0x000000070f400000, 0x000000070f600000|  0%| F|  |TAMS 0x000000070f400000, 0x000000070f400000| Untracked 
| 117|0x000000070f600000, 0x000000070f600000, 0x000000070f800000|  0%| F|  |TAMS 0x000000070f600000, 0x000000070f600000| Untracked 
| 118|0x000000070f800000, 0x000000070f800000, 0x000000070fa00000|  0%| F|  |TAMS 0x000000070f800000, 0x000000070f800000| Untracked 
| 119|0x000000070fa00000, 0x000000070fa00000, 0x000000070fc00000|  0%| F|  |TAMS 0x000000070fa00000, 0x000000070fa00000| Untracked 
| 120|0x000000070fc00000, 0x000000070fc00000, 0x000000070fe00000|  0%| F|  |TAMS 0x000000070fc00000, 0x000000070fc00000| Untracked 
| 121|0x000000070fe00000, 0x000000070fe00000, 0x0000000710000000|  0%| F|  |TAMS 0x000000070fe00000, 0x000000070fe00000| Untracked 
| 122|0x0000000710000000, 0x0000000710000800, 0x0000000710200000|  0%| E|  |TAMS 0x0000000710000000, 0x0000000710000000| Complete 
| 123|0x0000000710200000, 0x0000000710400000, 0x0000000710400000|100%| E|CS|TAMS 0x0000000710200000, 0x0000000710200000| Complete 
| 124|0x0000000710400000, 0x0000000710600000, 0x0000000710600000|100%| E|CS|TAMS 0x0000000710400000, 0x0000000710400000| Complete 
| 125|0x0000000710600000, 0x0000000710800000, 0x0000000710800000|100%| E|CS|TAMS 0x0000000710600000, 0x0000000710600000| Complete 
| 126|0x0000000710800000, 0x0000000710a00000, 0x0000000710a00000|100%| E|CS|TAMS 0x0000000710800000, 0x0000000710800000| Complete 
| 127|0x0000000710a00000, 0x0000000710c00000, 0x0000000710c00000|100%| E|CS|TAMS 0x0000000710a00000, 0x0000000710a00000| Complete 

Card table byte_map: [0x000001d159cc0000,0x000001d15a4c0000] _byte_map_base: 0x000001d1564ba000

Marking Bits (Prev, Next): (CMBitMap*) 0x000001d141fb5610, (CMBitMap*) 0x000001d141fb5650
 Prev Bits: [0x000001d15acc0000, 0x000001d15ec90000)
 Next Bits: [0x000001d15ec90000, 0x000001d162c60000)

Polling page: 0x000001d141740000

Metaspace:

Usage:
  Non-class:     15.65 MB capacity,    15.51 MB (>99%) used,   116.42 KB ( <1%) free+waste,    22.75 KB ( <1%) overhead. 
      Class:      2.47 MB capacity,     2.38 MB ( 96%) used,    80.55 KB (  3%) free+waste,     9.44 KB ( <1%) overhead. 
       Both:     18.11 MB capacity,    17.89 MB ( 99%) used,   196.97 KB (  1%) free+waste,    32.19 KB ( <1%) overhead. 

Virtual space:
  Non-class space:       16.00 MB reserved,      15.75 MB ( 98%) committed 
      Class space:        1.00 GB reserved,       2.50 MB ( <1%) committed 
             Both:        1.02 GB reserved,      18.25 MB (  2%) committed 

Chunk freelists:
   Non-Class:  43.00 KB
       Class:  1.00 KB
        Both:  44.00 KB

MaxMetaspaceSize: 17179869184.00 GB
CompressedClassSpaceSize: 1.00 GB

CodeHeap 'non-profiled nmethods': size=120000Kb used=1367Kb max_used=1367Kb free=118632Kb
 bounds [0x000001d151c60000, 0x000001d151ed0000, 0x000001d159190000]
CodeHeap 'profiled nmethods': size=120000Kb used=6553Kb max_used=6553Kb free=113447Kb
 bounds [0x000001d14a730000, 0x000001d14ada0000, 0x000001d151c60000]
CodeHeap 'non-nmethods': size=5760Kb used=1440Kb max_used=1482Kb free=4319Kb
 bounds [0x000001d14a190000, 0x000001d14a400000, 0x000001d14a730000]
 total_blobs=4223 nmethods=3458 adapters=677
 compilation: enabled
              stopped_count=0, restarted_count=0
 full_count=0

Compilation events (20 events):
Event: 12.330 Thread 0x000001d165ffa8f0 nmethod 3447 0x000001d14ad8f290 code [0x000001d14ad8f440, 0x000001d14ad8f808]
Event: 12.330 Thread 0x000001d165ffa8f0 3448       3       javafx.beans.binding.ObjectBinding::get (25 bytes)
Event: 12.330 Thread 0x000001d165ffa8f0 nmethod 3448 0x000001d14ad8f910 code [0x000001d14ad8fac0, 0x000001d14ad8fd28]
Event: 12.330 Thread 0x000001d165ffa8f0 3449       3       javafx.scene.text.Text::getY (19 bytes)
Event: 12.330 Thread 0x000001d165ff9d50 3450 %     4       javafx.scene.layout.GridPane::computeGridMetrics @ 377 (967 bytes)
Event: 12.330 Thread 0x000001d165ffa8f0 nmethod 3449 0x000001d14ad8fe10 code [0x000001d14ad8ffc0, 0x000001d14ad90348]
Event: 12.332 Thread 0x000001d165ffa8f0 3451       3       com.sun.javafx.geom.transform.AffineBase::transform3DBounds (653 bytes)
Event: 12.332 Thread 0x000001d165ffa8f0 nmethod 3451 0x000001d14ad90490 code [0x000001d14ad909a0, 0x000001d14ad93e48]
Event: 12.333 Thread 0x000001d165ffa8f0 3452       3       com.sun.prism.d3d.D3DContext::adjustClipSpace (84 bytes)
Event: 12.333 Thread 0x000001d165ffa8f0 nmethod 3452 0x000001d14ad94910 code [0x000001d14ad94b00, 0x000001d14ad94d98]
Event: 12.333 Thread 0x000001d165ffa8f0 3453       3       com.sun.javafx.geom.Point2D::<init> (15 bytes)
Event: 12.333 Thread 0x000001d165ffa8f0 nmethod 3453 0x000001d14ad94f10 code [0x000001d14ad950a0, 0x000001d14ad951f8]
Event: 12.468 Thread 0x000001d165ff9d50 nmethod 3450% 0x000001d151dac790 code [0x000001d151dacd00, 0x000001d151db0bf8]
Event: 13.097 Thread 0x000001d165ffa8f0 3455       3       javafx.scene.Node::updateLocalBounds (67 bytes)
Event: 13.098 Thread 0x000001d165ffa8f0 nmethod 3455 0x000001d14ad95290 code [0x000001d14ad954e0, 0x000001d14ad96108]
Event: 13.150 Thread 0x000001d165ff9d50 3456       4       com.sun.javafx.event.EventDispatchChainImpl::dispatchEvent (101 bytes)
Event: 13.151 Thread 0x000001d165ff9d50 nmethod 3456 0x000001d151db3710 code [0x000001d151db38a0, 0x000001d151db3a38]
Event: 13.214 Thread 0x000001d165ff9d50 3457       4       javafx.scene.Parent::pickChildrenNode (53 bytes)
Event: 13.223 Thread 0x000001d165ff9d50 nmethod 3457 0x000001d151db3b90 code [0x000001d151db3dc0, 0x000001d151db4898]
Event: 13.338 Thread 0x000001d165ffa8f0 3458       3       java.security.AccessController::getContext (23 bytes)

GC Heap History (4 events):
Event: 0.671 GC heap before
{Heap before GC invocations=0 (full 0):
 garbage-first heap   total 262144K, used 20480K [0x0000000700c00000, 0x0000000800000000)
  region size 2048K, 11 young (22528K), 0 survivors (0K)
 Metaspace       used 7318K, capacity 7775K, committed 7808K, reserved 1056768K
  class space    used 815K, capacity 868K, committed 896K, reserved 1048576K
}
Event: 0.675 GC heap after
{Heap after GC invocations=1 (full 0):
 garbage-first heap   total 262144K, used 3241K [0x0000000700c00000, 0x0000000800000000)
  region size 2048K, 2 young (4096K), 2 survivors (4096K)
 Metaspace       used 7318K, capacity 7775K, committed 7808K, reserved 1056768K
  class space    used 815K, capacity 868K, committed 896K, reserved 1048576K
}
Event: 1.337 GC heap before
{Heap before GC invocations=1 (full 0):
 garbage-first heap   total 262144K, used 38057K [0x0000000700c00000, 0x0000000800000000)
  region size 2048K, 19 young (38912K), 2 survivors (4096K)
 Metaspace       used 15916K, capacity 16143K, committed 16256K, reserved 1062912K
  class space    used 2251K, capacity 2326K, committed 2432K, reserved 1048576K
}
Event: 1.344 GC heap after
{Heap after GC invocations=2 (full 0):
 garbage-first heap   total 262144K, used 8034K [0x0000000700c00000, 0x0000000800000000)
  region size 2048K, 3 young (6144K), 3 survivors (6144K)
 Metaspace       used 15916K, capacity 16143K, committed 16256K, reserved 1062912K
  class space    used 2251K, capacity 2326K, committed 2432K, reserved 1048576K
}

Deoptimization events (20 events):
Event: 8.044 Thread 0x000001d165ffebe0 DEOPT PACKING pc=0x000001d151d94c2c sp=0x00000018493fe720
Event: 8.044 Thread 0x000001d165ffebe0 DEOPT UNPACKING pc=0x000001d14a1de42f sp=0x00000018493fe660 mode 2
Event: 8.523 Thread 0x000001d165ffebe0 Uncommon trap: trap_request=0xffffffbe fr.pc=0x000001d151d98bd8 relative=0x0000000000000798
Event: 8.524 Thread 0x000001d165ffebe0 Uncommon trap: reason=profile_predicate action=maybe_recompile pc=0x000001d151d98bd8 method=com.sun.javafx.sg.prism.NGNode.markCullRegions(Lcom/sun/javafx/geom/DirtyRegionContainer;ILcom/sun/javafx/geom/transform/BaseTransform;Lcom/sun/javafx/geom/transfo
Event: 8.524 Thread 0x000001d165ffebe0 DEOPT PACKING pc=0x000001d151d98bd8 sp=0x00000018493fe6f0
Event: 8.524 Thread 0x000001d165ffebe0 DEOPT UNPACKING pc=0x000001d14a1de42f sp=0x00000018493fe670 mode 2
Event: 8.539 Thread 0x000001d165ffebe0 Uncommon trap: trap_request=0xffffffbe fr.pc=0x000001d151d98bd8 relative=0x0000000000000798
Event: 8.539 Thread 0x000001d165ffebe0 Uncommon trap: reason=profile_predicate action=maybe_recompile pc=0x000001d151d98bd8 method=com.sun.javafx.sg.prism.NGNode.markCullRegions(Lcom/sun/javafx/geom/DirtyRegionContainer;ILcom/sun/javafx/geom/transform/BaseTransform;Lcom/sun/javafx/geom/transfo
Event: 8.539 Thread 0x000001d165ffebe0 DEOPT PACKING pc=0x000001d151d98bd8 sp=0x00000018493fe6f0
Event: 8.539 Thread 0x000001d165ffebe0 DEOPT UNPACKING pc=0x000001d14a1de42f sp=0x00000018493fe670 mode 2
Event: 8.667 Thread 0x000001d165ffebe0 Uncommon trap: trap_request=0xffffffbe fr.pc=0x000001d151d98bd8 relative=0x0000000000000798
Event: 8.667 Thread 0x000001d165ffebe0 Uncommon trap: reason=profile_predicate action=maybe_recompile pc=0x000001d151d98bd8 method=com.sun.javafx.sg.prism.NGNode.markCullRegions(Lcom/sun/javafx/geom/DirtyRegionContainer;ILcom/sun/javafx/geom/transform/BaseTransform;Lcom/sun/javafx/geom/transfo
Event: 8.667 Thread 0x000001d165ffebe0 DEOPT PACKING pc=0x000001d151d98bd8 sp=0x00000018493fe6f0
Event: 8.667 Thread 0x000001d165ffebe0 DEOPT UNPACKING pc=0x000001d14a1de42f sp=0x00000018493fe670 mode 2
Event: 8.875 Thread 0x000001d165fff580 DEOPT PACKING pc=0x000001d14ac26cfa sp=0x00000018496fe090
Event: 8.875 Thread 0x000001d165fff580 DEOPT UNPACKING pc=0x000001d14a1de23f sp=0x00000018496fd540 mode 0
Event: 13.104 Thread 0x000001d165fff580 DEOPT PACKING pc=0x000001d14ac26cfa sp=0x00000018496fdb80
Event: 13.104 Thread 0x000001d165fff580 DEOPT UNPACKING pc=0x000001d14a1de23f sp=0x00000018496fd030 mode 0
Event: 13.214 Thread 0x000001d165fff580 DEOPT PACKING pc=0x000001d14ac26cfa sp=0x00000018496fdb80
Event: 13.214 Thread 0x000001d165fff580 DEOPT UNPACKING pc=0x000001d14a1de23f sp=0x00000018496fd030 mode 0

Classes unloaded (0 events):
No events

Classes redefined (0 events):
No events

Internal exceptions (20 events):
Event: 0.738 Thread 0x000001d141f60710 Exception <a 'java/lang/NoSuchMethodError'{0x00000007108ca1b0}: 'java.lang.Object java.lang.invoke.DirectMethodHandle$Holder.newInvokeSpecial(java.lang.Object, java.lang.Object, java.lang.Object, java.lang.Object, java.lang.Object)'> (0x00000007108ca1b0) 
thrown [./open/src/hotspot/share/interpreter/linkResolver.cpp, line 782]
Event: 0.757 Thread 0x000001d165fff580 Exception <a 'java/lang/NoSuchMethodError'{0x00000007106f1728}: 'org.slf4j.impl.StaticMDCBinder org.slf4j.impl.StaticMDCBinder.getSingleton()'> (0x00000007106f1728) 
thrown [./open/src/hotspot/share/interpreter/linkResolver.cpp, line 782]
Event: 0.779 Thread 0x000001d165fff580 Exception <a 'java/lang/NoSuchMethodError'{0x00000007104dd9c8}: 'java.lang.Object java.lang.invoke.DirectMethodHandle$Holder.invokeStaticInit(java.lang.Object, java.lang.Object, java.lang.Object, java.lang.Object)'> (0x00000007104dd9c8) 
thrown [./open/src/hotspot/share/interpreter/linkResolver.cpp, line 782]
Event: 0.780 Thread 0x000001d165fff580 Exception <a 'java/lang/NullPointerException'{0x00000007104e9928}> (0x00000007104e9928) 
thrown [./open/src/hotspot/share/interpreter/linkResolver.cpp, line 1374]
Event: 0.808 Thread 0x000001d165fff580 Exception <a 'sun/nio/fs/WindowsException'{0x000000071032b140}> (0x000000071032b140) 
thrown [./open/src/hotspot/share/prims/jni.cpp, line 578]
Event: 0.931 Thread 0x000001d165fff580 Implicit null exception at 0x000001d151cccf0d to 0x000001d151ccd2a0
Event: 0.992 Thread 0x000001d165fff580 Exception <a 'java/lang/NoSuchMethodError'{0x000000070f6da880}: 'java.lang.Object java.lang.invoke.DirectMethodHandle$Holder.newInvokeSpecial(java.lang.Object, java.lang.Object, int)'> (0x000000070f6da880) 
thrown [./open/src/hotspot/share/interpreter/linkResolver.cpp, line 782]
Event: 1.008 Thread 0x000001d165fff580 Implicit null exception at 0x000001d151cdf269 to 0x000001d151cdf2c4
Event: 1.048 Thread 0x000001d165fff580 Exception <a 'sun/nio/fs/WindowsException'{0x000000070f0a18d0}> (0x000000070f0a18d0) 
thrown [./open/src/hotspot/share/prims/jni.cpp, line 578]
Event: 1.145 Thread 0x000001d165fff580 Exception <a 'java/lang/NoSuchMethodError'{0x000000070efa25f8}: 'java.lang.Object java.lang.invoke.DirectMethodHandle$Holder.invokeInterface(java.lang.Object, java.lang.Object, java.lang.Object)'> (0x000000070efa25f8) 
thrown [./open/src/hotspot/share/interpreter/linkResolver.cpp, line 782]
Event: 1.145 Thread 0x000001d165fff580 Exception <a 'java/lang/IncompatibleClassChangeError'{0x000000070efa6178}: Found class java.lang.Object, but interface was expected> (0x000000070efa6178) 
thrown [./open/src/hotspot/share/interpreter/linkResolver.cpp, line 848]
Event: 1.177 Thread 0x000001d165fff580 Exception <a 'java/lang/ClassNotFoundException'{0x000000070ed03f98}: com/sun/javafx/scene/control/skin/resources/controls> (0x000000070ed03f98) 
thrown [./open/src/hotspot/share/prims/jni.cpp, line 599]
Event: 1.178 Thread 0x000001d165fff580 Exception <a 'java/lang/ClassNotFoundException'{0x000000070ed11a90}: com/sun/javafx/scene/control/skin/resources/controls_en> (0x000000070ed11a90) 
thrown [./open/src/hotspot/share/prims/jni.cpp, line 599]
Event: 1.178 Thread 0x000001d165fff580 Exception <a 'java/lang/ClassNotFoundException'{0x000000070ed12a28}: com/sun/javafx/scene/control/skin/resources/controls_en_US> (0x000000070ed12a28) 
thrown [./open/src/hotspot/share/prims/jni.cpp, line 599]
Event: 1.204 Thread 0x000001d165fff580 Exception <a 'java/lang/NoSuchMethodError'{0x000000070ea86860}: 'void java.lang.invoke.DirectMethodHandle$Holder.invokeSpecial(java.lang.Object, java.lang.Object, java.lang.Object, java.lang.Object, java.lang.Object, java.lang.Object)'> (0x000000070ea86860) 
thrown [./open/src/hotspot/share/interpreter/linkResolver.cpp, line 782]
Event: 1.334 Thread 0x000001d165ffebe0 Exception <a 'java/lang/NoSuchMethodError'{0x000000070e7de8b0}: 'int java.lang.invoke.DirectMethodHandle$Holder.invokeStaticInit(java.lang.Object, java.lang.Object)'> (0x000000070e7de8b0) 
thrown [./open/src/hotspot/share/interpreter/linkResolver.cpp, line 782]
Event: 1.347 Thread 0x000001d165fff580 Exception <a 'java/lang/NoSuchMethodError'{0x0000000710b57c88}: 'long java.lang.invoke.DirectMethodHandle$Holder.invokeStatic(java.lang.Object, java.lang.Object, java.lang.Object)'> (0x0000000710b57c88) 
thrown [./open/src/hotspot/share/interpreter/linkResolver.cpp, line 782]
Event: 1.347 Thread 0x000001d165fff580 Exception <a 'java/lang/NoSuchMethodError'{0x0000000710b5b638}: 'long java.lang.invoke.DirectMethodHandle$Holder.invokeStaticInit(java.lang.Object, java.lang.Object, java.lang.Object)'> (0x0000000710b5b638) 
thrown [./open/src/hotspot/share/interpreter/linkResolver.cpp, line 782]
Event: 1.350 Thread 0x000001d165fff580 Exception <a 'java/lang/NoSuchMethodError'{0x0000000710b73698}: 'java.lang.Object java.lang.invoke.DirectMethodHandle$Holder.newInvokeSpecial(java.lang.Object, java.lang.Object, long)'> (0x0000000710b73698) 
thrown [./open/src/hotspot/share/interpreter/linkResolver.cpp, line 782]
Event: 1.350 Thread 0x000001d165fff580 Exception <a 'java/lang/NoSuchMethodError'{0x0000000710b77408}: 'java.lang.Object java.lang.invoke.Invokers$Holder.linkToTargetMethod(java.lang.Object, long, java.lang.Object)'> (0x0000000710b77408) 
thrown [./open/src/hotspot/share/interpreter/linkResolver.cpp, line 782]

Events (20 events):
Event: 6.346 Executing VM operation: HandshakeAllThreads
Event: 6.346 Executing VM operation: HandshakeAllThreads done
Event: 6.689 loading class java/text/StringCharacterIterator
Event: 6.689 loading class java/text/StringCharacterIterator done
Event: 7.347 Executing VM operation: HandshakeAllThreads
Event: 7.347 Executing VM operation: HandshakeAllThreads done
Event: 8.049 Loaded shared library C:\Users\Ruben\.openjfx\cache\11.0.2\prism_d3d.dll
Event: 8.347 Executing VM operation: HandshakeAllThreads
Event: 8.347 Executing VM operation: HandshakeAllThreads done
Event: 9.347 Executing VM operation: HandshakeAllThreads
Event: 9.347 Executing VM operation: HandshakeAllThreads done
Event: 10.348 Executing VM operation: HandshakeAllThreads
Event: 10.348 Executing VM operation: HandshakeAllThreads done
Event: 10.464 Loaded shared library C:\Users\Ruben\.openjfx\cache\11.0.2\prism_d3d.dll
Event: 10.469 Loaded shared library C:\Users\Ruben\.openjfx\cache\11.0.2\prism_d3d.dll
Event: 11.296 Loaded shared library C:\Users\Ruben\.openjfx\cache\11.0.2\prism_d3d.dll
Event: 11.349 Executing VM operation: HandshakeAllThreads
Event: 11.349 Executing VM operation: HandshakeAllThreads done
Event: 12.350 Executing VM operation: HandshakeAllThreads
Event: 12.350 Executing VM operation: HandshakeAllThreads done


Dynamic libraries:
0x00007ff758cd0000 - 0x00007ff758cdd000 	C:\Users\Ruben\.jdks\openjdk-15\bin\java.exe
0x00007ffd41cd0000 - 0x00007ffd41ec5000 	C:\Windows\SYSTEM32\ntdll.dll
0x00007ffd41b00000 - 0x00007ffd41bbd000 	C:\Windows\System32\KERNEL32.DLL
0x00007ffd3f420000 - 0x00007ffd3f6e7000 	C:\Windows\System32\KERNELBASE.dll
0x00007ffd3fa50000 - 0x00007ffd3fb50000 	C:\Windows\System32\ucrtbase.dll
0x00007ffd3adc0000 - 0x00007ffd3add8000 	C:\Users\Ruben\.jdks\openjdk-15\bin\jli.dll
0x00007ffd3ad60000 - 0x00007ffd3ad79000 	C:\Users\Ruben\.jdks\openjdk-15\bin\VCRUNTIME140.dll
0x00007ffd40e40000 - 0x00007ffd40fe0000 	C:\Windows\System32\USER32.dll
0x00007ffd3f980000 - 0x00007ffd3f9a2000 	C:\Windows\System32\win32u.dll
0x00007ffd2c960000 - 0x00007ffd2cbfa000 	C:\Windows\WinSxS\amd64_microsoft.windows.common-controls_6595b64144ccf1df_6.0.19041.1_none_b555e41d4684ddec\COMCTL32.dll
0x00007ffd411e0000 - 0x00007ffd4120a000 	C:\Windows\System32\GDI32.dll
0x00007ffd41790000 - 0x00007ffd4182e000 	C:\Windows\System32\msvcrt.dll
0x00007ffd3fc30000 - 0x00007ffd3fd3a000 	C:\Windows\System32\gdi32full.dll
0x00007ffd3f9b0000 - 0x00007ffd3fa4d000 	C:\Windows\System32\msvcp_win.dll
0x00007ffd41360000 - 0x00007ffd41390000 	C:\Windows\System32\IMM32.DLL
0x00007ffd3adb0000 - 0x00007ffd3adbc000 	C:\Users\Ruben\.jdks\openjdk-15\bin\vcruntime140_1.dll
0x00007ffd21420000 - 0x00007ffd214b1000 	C:\Users\Ruben\.jdks\openjdk-15\bin\msvcp140.dll
0x00007ffcb6ef0000 - 0x00007ffcb7a4c000 	C:\Users\Ruben\.jdks\openjdk-15\bin\server\jvm.dll
0x00007ffd41130000 - 0x00007ffd411da000 	C:\Windows\System32\ADVAPI32.dll
0x00007ffd41620000 - 0x00007ffd416bb000 	C:\Windows\System32\sechost.dll
0x00007ffd41970000 - 0x00007ffd41a93000 	C:\Windows\System32\RPCRT4.dll
0x00007ffd40fe0000 - 0x00007ffd40fe8000 	C:\Windows\System32\PSAPI.DLL
0x00007ffd37f30000 - 0x00007ffd37f3a000 	C:\Windows\SYSTEM32\VERSION.dll
0x00007ffd38ba0000 - 0x00007ffd38bc7000 	C:\Windows\SYSTEM32\WINMM.dll
0x00007ffd3ada0000 - 0x00007ffd3ada9000 	C:\Windows\SYSTEM32\WSOCK32.dll
0x00007ffd41720000 - 0x00007ffd4178b000 	C:\Windows\System32\WS2_32.dll
0x00007ffd3dd50000 - 0x00007ffd3dd63000 	C:\Windows\SYSTEM32\kernel.appcore.dll
0x00007ffd3ace0000 - 0x00007ffd3acea000 	C:\Users\Ruben\.jdks\openjdk-15\bin\jimage.dll
0x00007ffd3db40000 - 0x00007ffd3dd24000 	C:\Windows\SYSTEM32\DBGHELP.DLL
0x00007ffd1fa60000 - 0x00007ffd1fa8c000 	C:\Windows\SYSTEM32\dbgcore.DLL
0x00007ffd3fbb0000 - 0x00007ffd3fc2f000 	C:\Windows\System32\bcryptPrimitives.dll
0x00007ffd39b40000 - 0x00007ffd39b4e000 	C:\Users\Ruben\.jdks\openjdk-15\bin\instrument.dll
0x00007ffd37e30000 - 0x00007ffd37e55000 	C:\Users\Ruben\.jdks\openjdk-15\bin\java.dll
0x00007ffd403a0000 - 0x00007ffd40ae0000 	C:\Windows\System32\SHELL32.dll
0x00007ffd3d390000 - 0x00007ffd3db21000 	C:\Windows\SYSTEM32\windows.storage.dll
0x00007ffd40ae0000 - 0x00007ffd40e33000 	C:\Windows\System32\combase.dll
0x00007ffd3eea0000 - 0x00007ffd3eecc000 	C:\Windows\SYSTEM32\Wldp.dll
0x00007ffd40ff0000 - 0x00007ffd4109e000 	C:\Windows\System32\SHCORE.dll
0x00007ffd41290000 - 0x00007ffd412e5000 	C:\Windows\System32\shlwapi.dll
0x00007ffd3f360000 - 0x00007ffd3f37f000 	C:\Windows\SYSTEM32\profapi.dll
0x00007ffd25900000 - 0x00007ffd25919000 	C:\Users\Ruben\.jdks\openjdk-15\bin\net.dll
0x00007ffd307c0000 - 0x00007ffd308c0000 	C:\Windows\SYSTEM32\WINHTTP.dll
0x00007ffd3ec20000 - 0x00007ffd3ec8a000 	C:\Windows\system32\mswsock.dll
0x00007ffd21400000 - 0x00007ffd21412000 	C:\Users\Ruben\.jdks\openjdk-15\bin\nio.dll
0x00007ffd20720000 - 0x00007ffd20738000 	C:\Users\Ruben\.jdks\openjdk-15\bin\zip.dll
0x00007ffd39b30000 - 0x00007ffd39b40000 	C:\Users\Ruben\.jdks\openjdk-15\bin\verify.dll
0x00007ffd205d0000 - 0x00007ffd205ea000 	C:\Program Files\JetBrains\IntelliJ IDEA 2020.1.4\bin\breakgen64.dll
0x000001d166c00000 - 0x000001d166c03000 	C:\Users\Ruben\.jdks\openjdk-15\bin\api-ms-win-core-console-l1-1-0.dll
0x000001d166c10000 - 0x000001d166c13000 	C:\Users\Ruben\.jdks\openjdk-15\bin\api-ms-win-core-datetime-l1-1-0.dll
0x000001d166c20000 - 0x000001d166c23000 	C:\Users\Ruben\.jdks\openjdk-15\bin\api-ms-win-core-debug-l1-1-0.dll
0x000001d166c30000 - 0x000001d166c33000 	C:\Users\Ruben\.jdks\openjdk-15\bin\api-ms-win-core-errorhandling-l1-1-0.dll
0x000001d166c40000 - 0x000001d166c44000 	C:\Users\Ruben\.jdks\openjdk-15\bin\api-ms-win-core-file-l1-1-0.dll
0x000001d166c50000 - 0x000001d166c53000 	C:\Users\Ruben\.jdks\openjdk-15\bin\api-ms-win-core-file-l1-2-0.dll
0x000001d166c60000 - 0x000001d166c63000 	C:\Users\Ruben\.jdks\openjdk-15\bin\api-ms-win-core-file-l2-1-0.dll
0x000001d166c70000 - 0x000001d166c73000 	C:\Users\Ruben\.jdks\openjdk-15\bin\api-ms-win-core-handle-l1-1-0.dll
0x000001d166c80000 - 0x000001d166c83000 	C:\Users\Ruben\.jdks\openjdk-15\bin\api-ms-win-core-heap-l1-1-0.dll
0x000001d166c90000 - 0x000001d166c93000 	C:\Users\Ruben\.jdks\openjdk-15\bin\api-ms-win-core-interlocked-l1-1-0.dll
0x000001d166ca0000 - 0x000001d166ca3000 	C:\Users\Ruben\.jdks\openjdk-15\bin\api-ms-win-core-libraryloader-l1-1-0.dll
0x000001d166cb0000 - 0x000001d166cb3000 	C:\Users\Ruben\.jdks\openjdk-15\bin\api-ms-win-core-localization-l1-2-0.dll
0x000001d166cc0000 - 0x000001d166cc3000 	C:\Users\Ruben\.jdks\openjdk-15\bin\api-ms-win-core-memory-l1-1-0.dll
0x000001d166cd0000 - 0x000001d166cd3000 	C:\Users\Ruben\.jdks\openjdk-15\bin\api-ms-win-core-namedpipe-l1-1-0.dll
0x000001d166ce0000 - 0x000001d166ce3000 	C:\Users\Ruben\.jdks\openjdk-15\bin\api-ms-win-core-processenvironment-l1-1-0.dll
0x000001d166cf0000 - 0x000001d166cf3000 	C:\Users\Ruben\.jdks\openjdk-15\bin\api-ms-win-core-processthreads-l1-1-0.dll
0x000001d166d00000 - 0x000001d166d03000 	C:\Users\Ruben\.jdks\openjdk-15\bin\api-ms-win-core-processthreads-l1-1-1.dll
0x000001d166d10000 - 0x000001d166d13000 	C:\Users\Ruben\.jdks\openjdk-15\bin\api-ms-win-core-profile-l1-1-0.dll
0x000001d166d20000 - 0x000001d166d23000 	C:\Users\Ruben\.jdks\openjdk-15\bin\api-ms-win-core-rtlsupport-l1-1-0.dll
0x000001d166d30000 - 0x000001d166d33000 	C:\Users\Ruben\.jdks\openjdk-15\bin\api-ms-win-core-string-l1-1-0.dll
0x000001d166d40000 - 0x000001d166d43000 	C:\Users\Ruben\.jdks\openjdk-15\bin\api-ms-win-core-synch-l1-1-0.dll
0x000001d166d50000 - 0x000001d166d53000 	C:\Users\Ruben\.jdks\openjdk-15\bin\api-ms-win-core-synch-l1-2-0.dll
0x000001d166d60000 - 0x000001d166d63000 	C:\Users\Ruben\.jdks\openjdk-15\bin\api-ms-win-core-sysinfo-l1-1-0.dll
0x000001d166d70000 - 0x000001d166d73000 	C:\Users\Ruben\.jdks\openjdk-15\bin\api-ms-win-core-timezone-l1-1-0.dll
0x000001d166d80000 - 0x000001d166d83000 	C:\Users\Ruben\.jdks\openjdk-15\bin\api-ms-win-core-util-l1-1-0.dll
0x000001d166d90000 - 0x000001d166d93000 	C:\Users\Ruben\.jdks\openjdk-15\bin\api-ms-win-crt-conio-l1-1-0.dll
0x000001d166da0000 - 0x000001d166da4000 	C:\Users\Ruben\.jdks\openjdk-15\bin\api-ms-win-crt-convert-l1-1-0.dll
0x000001d166db0000 - 0x000001d166db3000 	C:\Users\Ruben\.jdks\openjdk-15\bin\api-ms-win-crt-environment-l1-1-0.dll
0x000001d166dc0000 - 0x000001d166dc3000 	C:\Users\Ruben\.jdks\openjdk-15\bin\api-ms-win-crt-filesystem-l1-1-0.dll
0x000001d166dd0000 - 0x000001d166dd3000 	C:\Users\Ruben\.jdks\openjdk-15\bin\api-ms-win-crt-heap-l1-1-0.dll
0x000001d166de0000 - 0x000001d166de3000 	C:\Users\Ruben\.jdks\openjdk-15\bin\api-ms-win-crt-locale-l1-1-0.dll
0x000001d166df0000 - 0x000001d166df5000 	C:\Users\Ruben\.jdks\openjdk-15\bin\api-ms-win-crt-math-l1-1-0.dll
0x000001d166e00000 - 0x000001d166e05000 	C:\Users\Ruben\.jdks\openjdk-15\bin\api-ms-win-crt-multibyte-l1-1-0.dll
0x000001d166e10000 - 0x000001d166e20000 	C:\Users\Ruben\.jdks\openjdk-15\bin\api-ms-win-crt-private-l1-1-0.dll
0x000001d166e20000 - 0x000001d166e23000 	C:\Users\Ruben\.jdks\openjdk-15\bin\api-ms-win-crt-process-l1-1-0.dll
0x000001d166e30000 - 0x000001d166e34000 	C:\Users\Ruben\.jdks\openjdk-15\bin\api-ms-win-crt-runtime-l1-1-0.dll
0x000001d166e40000 - 0x000001d166e44000 	C:\Users\Ruben\.jdks\openjdk-15\bin\api-ms-win-crt-stdio-l1-1-0.dll
0x000001d166e50000 - 0x000001d166e54000 	C:\Users\Ruben\.jdks\openjdk-15\bin\api-ms-win-crt-string-l1-1-0.dll
0x000001d166e60000 - 0x000001d166e63000 	C:\Users\Ruben\.jdks\openjdk-15\bin\api-ms-win-crt-time-l1-1-0.dll
0x000001d166e70000 - 0x000001d166e73000 	C:\Users\Ruben\.jdks\openjdk-15\bin\api-ms-win-crt-utility-l1-1-0.dll
0x00007ffcd7b30000 - 0x00007ffcd7c2a000 	C:\Users\Ruben\.jdks\openjdk-15\bin\ucrtbase.dll
0x00007ffd20310000 - 0x00007ffd2035d000 	C:\Windows\System32\concrt140.dll
0x00007ffd09e40000 - 0x00007ffd09e63000 	C:\Users\Ruben\.openjfx\cache\11.0.2\prism_d3d.dll
0x00007ffd32eb0000 - 0x00007ffd3307d000 	C:\Windows\system32\d3d9.dll
0x00007ffd3ce00000 - 0x00007ffd3ce2f000 	C:\Windows\SYSTEM32\dwmapi.dll
0x00007ffd3cc10000 - 0x00007ffd3ccaf000 	C:\Windows\system32\uxtheme.dll
0x00007ffd31950000 - 0x00007ffd31a3e000 	C:\Windows\System32\DriverStore\FileRepository\nv_dispi.inf_amd64_90685a092bcf58c7\nvldumdx.dll
0x00007ffd3f6f0000 - 0x00007ffd3f84d000 	C:\Windows\System32\crypt32.dll
0x00007ffd3fb50000 - 0x00007ffd3fbb0000 	C:\Windows\System32\WINTRUST.DLL
0x00007ffd3f020000 - 0x00007ffd3f032000 	C:\Windows\SYSTEM32\MSASN1.dll
0x00007ffd41950000 - 0x00007ffd4196d000 	C:\Windows\System32\imagehlp.dll
0x00007ffd3edf0000 - 0x00007ffd3ee08000 	C:\Windows\SYSTEM32\CRYPTSP.dll
0x00007ffd3e540000 - 0x00007ffd3e574000 	C:\Windows\system32\rsaenh.dll
0x00007ffd3f950000 - 0x00007ffd3f977000 	C:\Windows\System32\bcrypt.dll
0x00007ffd3ee10000 - 0x00007ffd3ee1c000 	C:\Windows\SYSTEM32\CRYPTBASE.dll
0x00007ffccf230000 - 0x00007ffcd06cb000 	C:\Windows\System32\DriverStore\FileRepository\nv_dispi.inf_amd64_90685a092bcf58c7\nvd3dumx.dll
0x00007ffd09df0000 - 0x00007ffd09e35000 	C:\Users\Ruben\.openjfx\cache\11.0.2\glass.dll
0x00007ffd41540000 - 0x00007ffd4161a000 	C:\Windows\System32\COMDLG32.dll
0x00007ffd40260000 - 0x00007ffd40389000 	C:\Windows\System32\ole32.dll
0x00007ffd41bc0000 - 0x00007ffd41c8d000 	C:\Windows\System32\OLEAUT32.dll
0x00007ffd41830000 - 0x00007ffd41945000 	C:\Windows\System32\MSCTF.dll
0x00007ffd3e9e0000 - 0x00007ffd3ea2b000 	C:\Windows\system32\powrprof.dll
0x00007ffd3e8a0000 - 0x00007ffd3e8b2000 	C:\Windows\SYSTEM32\UMPDC.dll
0x00007ffd06e90000 - 0x00007ffd07147000 	C:\Windows\system32\nvspcap64.dll
0x00007ffd3e190000 - 0x00007ffd3e1c3000 	C:\Windows\SYSTEM32\ntmarta.dll
0x00007ffd3dd70000 - 0x00007ffd3dd93000 	C:\Windows\SYSTEM32\gpapi.dll
0x00007ffd31ea0000 - 0x00007ffd31ed1000 	C:\Windows\SYSTEM32\cryptnet.dll
0x00007ffd33260000 - 0x00007ffd3329b000 	C:\Windows\SYSTEM32\dxcore.dll
0x00007ffd3f900000 - 0x00007ffd3f94d000 	C:\Windows\System32\cfgmgr32.dll
0x00007ffd20580000 - 0x00007ffd20594000 	C:\Users\Ruben\.openjfx\cache\11.0.2\javafx_font.dll
0x00007ffd30450000 - 0x00007ffd306ce000 	C:\Windows\SYSTEM32\dwrite.dll
0x00007ffd401b0000 - 0x00007ffd40258000 	C:\Windows\System32\clbcatq.dll
0x00007ffd38390000 - 0x00007ffd38544000 	C:\Windows\SYSTEM32\WindowsCodecs.dll
0x00007ffd10330000 - 0x00007ffd1036e000 	C:\Windows\system32\dataexchange.dll
0x00007ffd3b650000 - 0x00007ffd3b8b3000 	C:\Windows\system32\d3d11.dll
0x00007ffd3be80000 - 0x00007ffd3c065000 	C:\Windows\system32\dcomp.dll
0x00007ffd3dda0000 - 0x00007ffd3de93000 	C:\Windows\system32\dxgi.dll
0x00007ffd38990000 - 0x00007ffd38b97000 	C:\Windows\system32\twinapi.appcore.dll
0x00007ffcfda30000 - 0x00007ffcfda64000 	C:\Program Files\Common Files\Microsoft Shared\Ink\rtscom.dll
0x00007ffd30ea0000 - 0x00007ffd30f9c000 	C:\Windows\SYSTEM32\textinputframework.dll
0x00007ffd3c070000 - 0x00007ffd3c3ca000 	C:\Windows\System32\CoreUIComponents.dll

dbghelp: loaded successfully - version: 4.0.5 - missing functions: none
symbol engine: initialized successfully - sym options: 0x614 - pdb path: .;C:\Users\Ruben\.jdks\openjdk-15\bin;C:\Windows\SYSTEM32;C:\Windows\WinSxS\amd64_microsoft.windows.common-controls_6595b64144ccf1df_6.0.19041.1_none_b555e41d4684ddec;C:\Users\Ruben\.jdks\openjdk-15\bin\server;C:\Program Files\JetBrains\IntelliJ IDEA 2020.1.4\bin;C:\Users\Ruben\.openjfx\cache\11.0.2;C:\Windows\System32\DriverStore\FileRepository\nv_dispi.inf_amd64_90685a092bcf58c7;C:\Program Files\Common Files\Microsoft Shared\Ink

VM Arguments:
jvm_args: --add-modules=javafx.base,javafx.graphics --add-reads=javafx.base=ALL-UNNAMED --add-reads=javafx.graphics=ALL-UNNAMED -javaagent:C:\Program Files\JetBrains\IntelliJ IDEA 2020.1.4\lib\idea_rt.jar=62696:C:\Program Files\JetBrains\IntelliJ IDEA 2020.1.4\bin -Dfile.encoding=UTF-8 --module-path=C:\Users\Ruben\.m2\repository\org\openjfx\javafx-base\11.0.2\javafx-base-11.0.2-win.jar;C:\Users\Ruben\.m2\repository\org\openjfx\javafx-graphics\11.0.2\javafx-graphics-11.0.2-win.jar;C:\Users\Ruben\Documents\SynologyDrive\Drive\Fontys\-=S3=-\SE\Zeeslag\seabattle-start\seabattleclient\target\classes;C:\Users\Ruben\.m2\repository\org\openjfx\javafx-base\11.0.2\javafx-base-11.0.2.jar;C:\Users\Ruben\.m2\repository\org\openjfx\javafx-controls\11.0.2\javafx-controls-11.0.2.jar;C:\Users\Ruben\.m2\repository\org\openjfx\javafx-controls\11.0.2\javafx-controls-11.0.2-win.jar;C:\Users\Ruben\.m2\repository\org\openjfx\javafx-graphics\11.0.2\javafx-graphics-11.0.2.jar;C:\Users\Ruben\.m2\repository\ch\qos\logback\logback-classic\1.2.3\logback-classic-1.2.3.jar;C:\Users\Ruben\.m2\repository\ch\qos\logback\logback-core\1.2.3\logback-core-1.2.3.jar;C:\Users\Ruben\.m2\repository\org\slf4j\slf4j-api\1.7.25\slf4j-api-1.7.25.jar -Djdk.module.main=seabattleclient 
java_command: seabattleclient/seabattlegui.SeaBattleApplication
java_class_path (initial): <not set>
Launcher Type: SUN_STANDARD

[Global flags]
     intx CICompilerCount                          = 4                                         {product} {ergonomic}
     uint ConcGCThreads                            = 2                                         {product} {ergonomic}
     uint G1ConcRefinementThreads                  = 8                                         {product} {ergonomic}
   size_t G1HeapRegionSize                         = 2097152                                   {product} {ergonomic}
    uintx GCDrainStackTargetSize                   = 64                                        {product} {ergonomic}
   size_t InitialHeapSize                          = 268435456                                 {product} {ergonomic}
   size_t MarkStackSize                            = 4194304                                   {product} {ergonomic}
   size_t MaxHeapSize                              = 4282384384                                {product} {ergonomic}
   size_t MaxNewSize                               = 2569011200                                {product} {ergonomic}
   size_t MinHeapDeltaBytes                        = 2097152                                   {product} {ergonomic}
   size_t MinHeapSize                              = 8388608                                   {product} {ergonomic}
    uintx NonNMethodCodeHeapSize                   = 5839372                                {pd product} {ergonomic}
    uintx NonProfiledCodeHeapSize                  = 122909434                              {pd product} {ergonomic}
    uintx ProfiledCodeHeapSize                     = 122909434                              {pd product} {ergonomic}
    uintx ReservedCodeCacheSize                    = 251658240                              {pd product} {ergonomic}
     bool SegmentedCodeCache                       = true                                      {product} {ergonomic}
   size_t SoftMaxHeapSize                          = 4282384384                             {manageable} {ergonomic}
     bool UseCompressedClassPointers               = true                                 {lp64_product} {ergonomic}
     bool UseCompressedOops                        = true                                 {lp64_product} {ergonomic}
     bool UseG1GC                                  = true                                      {product} {ergonomic}
     bool UseLargePagesIndividualAllocation        = false                                  {pd product} {ergonomic}

Logging:
Log output configuration:
 #0: stdout all=warning uptime,level,tags
 #1: stderr all=off uptime,level,tags

Environment Variables:
PATH=C:\Program Files\Oculus\Support\oculus-runtime;C:\Windows\system32;C:\Windows;C:\Windows\System32\Wbem;C:\Windows\System32\WindowsPowerShell\v1.0\;C:\Windows\System32\OpenSSH\;C:\Program Files\dotnet\;C:\Program Files\Microsoft SQL Server\130\Tools\Binn\;C:\Program Files\Microsoft SQL Server\Client SDK\ODBC\170\Tools\Binn\;C:\Program Files\nodejs\;C:\Program Files\NVIDIA Corporation\NVIDIA NvDLISR;C:\Program Files\Git\cmd;C:\Program Files\apache-maven-3.6.3-bin\apache-maven-3.6.3\bin;C:\Users\Ruben\AppData\Local\Microsoft\WindowsApps;C:\Users\Ruben\AppData\Local\Programs\Microsoft VS Code\bin;C:\Users\Ruben\AppData\Roaming\npm;C:\src\flutter\bin;;C:\Program Files\JetBrains\IntelliJ IDEA 2020.1.4\bin;
USERNAME=Ruben
OS=Windows_NT
PROCESSOR_IDENTIFIER=Intel64 Family 6 Model 60 Stepping 3, GenuineIntel



---------------  S Y S T E M  ---------------

OS:
 Windows 10 , 64 bit Build 19041 (10.0.19041.292)
OS uptime: 0 days 1:48 hours

CPU: total 8 (initial active 8) (4 cores per cpu, 2 threads per core) family 6 model 60 stepping 3, cmov, cx8, fxsr, mmx, sse, sse2, sse3, ssse3, sse4.1, sse4.2, popcnt, vzeroupper, avx, avx2, aes, clmul, erms, lzcnt, ht, tsc, tscinvbit, bmi1, bmi2, fma, clflush

Memory: 4k page, system-wide physical 16332M (7995M free)
TotalPageFile size 19020M (AvailPageFile size 4623M)
current process WorkingSet (physical memory assigned to process): 147M, peak: 168M
current process commit charge ("private bytes"): 429M, peak: 450M

vm_info: OpenJDK 64-Bit Server VM (15+36-1562) for windows-amd64 JRE (15+36-1562), built on Aug 11 2020 22:33:04 by "mach5one" with unknown MS VC++:1925

END.
